<?xml version="1.0" encoding="UTF-8"?>
<!-- Generated by org.testng.reporters.JUnitReportReporter -->
<testsuite hostname="DESKTOP-5O8MAST" failures="0" tests="3" name="com.testng.TestNgBasics" time="0.022" errors="0" timestamp="2020-11-16T19:28:10 EST" skipped="0">
  <testcase classname="com.testng.TestNgBasics" name="googletitletest" time="0.007"/>
  <system-out/>
  <testcase classname="com.testng.TestNgBasics" name="GoogleLogotest" time="0.008"/>
  <system-out/>
  <testcase classname="com.testng.TestNgBasics" name="searchtest" time="0.007"/>
  <system-out/>
</testsuite> <!-- com.testng.TestNgBasics -->
