<?xml version="1.0" encoding="UTF-8"?>
<!-- Generated by org.testng.reporters.JUnitReportReporter -->
<testsuite hostname="DESKTOP-5O8MAST" failures="0" tests="1" name="com.testng.ParameterTest" time="11.705" errors="0" timestamp="2020-11-19T14:49:09 EST" skipped="0">
  <testcase classname="com.testng.ParameterTest" name="Regallogin" time="11.705"/>
  <system-out/>
</testsuite> <!-- com.testng.ParameterTest -->
