<?xml version="1.0" encoding="UTF-8"?>
<!-- Generated by org.testng.reporters.JUnitReportReporter -->
<testsuite hostname="DESKTOP-5O8MAST" failures="0" tests="3" name="com.testngDataDriventest.Regalmultiplelogintest" time="30.355" errors="0" timestamp="2020-11-17T19:47:44 EST" skipped="0">
  <testcase classname="com.testngDataDriventest.Regalmultiplelogintest" name="Login" time="10.657"/>
  <system-out/>
  <testcase classname="com.testngDataDriventest.Regalmultiplelogintest" name="Login" time="9.664"/>
  <system-out/>
  <testcase classname="com.testngDataDriventest.Regalmultiplelogintest" name="Login" time="10.034"/>
  <system-out/>
</testsuite> <!-- com.testngDataDriventest.Regalmultiplelogintest -->
