<?xml version="1.0" encoding="UTF-8"?>
<!-- Generated by org.testng.reporters.JUnitReportReporter -->
<testsuite hostname="DESKTOP-5O8MAST" failures="0" tests="4" name="com.testng.GoogleTest" time="33.208" errors="0" timestamp="2020-11-16T19:28:10 EST" skipped="0">
  <testcase classname="com.testng.GoogleTest" name="serachpage" time="7.811"/>
  <system-out/>
  <testcase classname="com.testng.GoogleTest" name="Gmaillink" time="7.752"/>
  <system-out/>
  <testcase classname="com.testng.GoogleTest" name="GoogleLogotest" time="7.962"/>
  <system-out/>
  <testcase classname="com.testng.GoogleTest" name="Googletitletest" time="9.683"/>
  <system-out/>
</testsuite> <!-- com.testng.GoogleTest -->
